<?xml version="1.0" encoding="UTF-8"?>
<!-- Generated by org.testng.reporters.JUnitXMLReporter -->
<testsuite ignored="0" hostname="ADMIN" failures="0" tests="4" name="Test" time="49.151" errors="0" timestamp="2022-11-01T20:55:44 IST">
  <testcase classname="scripts.regression.ValidateLogin" name="validateLoginTest" time="2.045"/>
  <testcase classname="scripts.regression.ValidateLogin" name="validateLoginTest" time="3.629"/>
  <testcase classname="scripts.regression.ValidateLogin" name="validateLoginTest" time="0.881"/>
  <testcase classname="scripts.regression.ValidateLogin" name="validateLoginTest" time="0.913"/>
</testsuite> <!-- Test -->
