<?xml version="1.0" encoding="UTF-8"?>
<testng-results ignored="0" total="1" passed="1" failed="0" skipped="0">
  <reporter-output>
  </reporter-output>
  <suite started-at="2022-11-29T21:00:48 IST" name="Suite" finished-at="2022-11-29T21:01:07 IST" duration-ms="18654">
    <groups>
    </groups>
    <test started-at="2022-11-29T21:00:48 IST" name="Login validation Tests" finished-at="2022-11-29T21:01:07 IST" duration-ms="18654">
      <class name="testcases.ToVerifyValidLoginDetails">
        <test-method is-config="true" signature="beforeTest(org.testng.ITestContext)[pri:0, instance:testcases.ToVerifyValidLoginDetails@2b91004a]" started-at="2022-11-29T21:00:48 IST" name="beforeTest" finished-at="2022-11-29T21:00:49 IST" duration-ms="889" status="PASS">
          <params>
            <param index="0">
              <value>
                <![CDATA[org.testng.TestRunner@67bb4dcd]]>
              </value>
            </param>
          </params>
          <reporter-output>
          </reporter-output>
        </test-method> <!-- beforeTest -->
        <test-method is-config="true" signature="setUp(org.testng.ITestContext)[pri:0, instance:testcases.ToVerifyValidLoginDetails@2b91004a]" started-at="2022-11-29T21:00:52 IST" name="setUp" finished-at="2022-11-29T21:00:52 IST" duration-ms="1" status="PASS">
          <params>
            <param index="0">
              <value>
                <![CDATA[org.testng.TestRunner@67bb4dcd]]>
              </value>
            </param>
          </params>
          <reporter-output>
          </reporter-output>
        </test-method> <!-- setUp -->
        <test-method signature="toVerifyValidLoginDetailsTest(java.lang.String,java.lang.String,java.lang.String,java.lang.String)[pri:0, instance:testcases.ToVerifyValidLoginDetails@2b91004a]" started-at="2022-11-29T21:00:52 IST" name="toVerifyValidLoginDetailsTest" data-provider="getData" finished-at="2022-11-29T21:01:06 IST" duration-ms="14024" status="PASS">
          <params>
            <param index="0">
              <value>
                <![CDATA[reyaz0617]]>
              </value>
            </param>
            <param index="1">
              <value>
                <![CDATA[reyaz123]]>
              </value>
            </param>
            <param index="2">
              <value>
                <![CDATA[Adactin.com - Search Hotel]]>
              </value>
            </param>
            <param index="3">
              <value>
                <![CDATA[reyaz0617]]>
              </value>
            </param>
          </params>
          <reporter-output>
          </reporter-output>
        </test-method> <!-- toVerifyValidLoginDetailsTest -->
        <test-method is-config="true" signature="teardown(org.testng.ITestContext)[pri:0, instance:testcases.ToVerifyValidLoginDetails@2b91004a]" started-at="2022-11-29T21:01:06 IST" name="teardown" finished-at="2022-11-29T21:01:06 IST" duration-ms="1" status="PASS">
          <params>
            <param index="0">
              <value>
                <![CDATA[org.testng.TestRunner@67bb4dcd]]>
              </value>
            </param>
          </params>
          <reporter-output>
          </reporter-output>
        </test-method> <!-- teardown -->
        <test-method is-config="true" signature="flushReports(org.testng.ITestContext)[pri:0, instance:testcases.ToVerifyValidLoginDetails@2b91004a]" started-at="2022-11-29T21:01:06 IST" name="flushReports" finished-at="2022-11-29T21:01:07 IST" duration-ms="1209" status="PASS">
          <params>
            <param index="0">
              <value>
                <![CDATA[org.testng.TestRunner@67bb4dcd]]>
              </value>
            </param>
          </params>
          <reporter-output>
          </reporter-output>
        </test-method> <!-- flushReports -->
      </class> <!-- testcases.ToVerifyValidLoginDetails -->
    </test> <!-- Login validation Tests -->
  </suite> <!-- Suite -->
</testng-results>
